0 info it worked if it ends with ok
1 verbose cli [ '/usr/local/Cellar/node/6.8.1/bin/node',
1 verbose cli   '/usr/local/bin/npm',
1 verbose cli   'install',
1 verbose cli   '-g',
1 verbose cli   'node-inspector@6.3.1' ]
2 info using npm@3.10.8
3 info using node@v6.8.1
4 silly loadCurrentTree Starting
5 silly install loadCurrentTree
6 silly install readGlobalPackageData
7 silly fetchPackageMetaData node-inspector@6.3.1
8 silly fetchNamedPackageData node-inspector
9 silly mapToRegistry name node-inspector
10 silly mapToRegistry using default registry
11 silly mapToRegistry registry https://registry.npmjs.org/
12 silly mapToRegistry data Result {
12 silly mapToRegistry   raw: 'node-inspector',
12 silly mapToRegistry   scope: null,
12 silly mapToRegistry   escapedName: 'node-inspector',
12 silly mapToRegistry   name: 'node-inspector',
12 silly mapToRegistry   rawSpec: '',
12 silly mapToRegistry   spec: 'latest',
12 silly mapToRegistry   type: 'tag' }
13 silly mapToRegistry uri https://registry.npmjs.org/node-inspector
14 verbose request uri https://registry.npmjs.org/node-inspector
15 verbose request no auth needed
16 info attempt registry request try #1 at 6:36:44 PM
17 verbose request id e95d1ac3bc74d4a4
18 verbose etag W/"58916952-25ba7"
19 verbose lastModified Wed, 01 Feb 2017 04:51:30 GMT
20 http request GET https://registry.npmjs.org/node-inspector
21 http 304 https://registry.npmjs.org/node-inspector
22 verbose headers { date: 'Thu, 02 Feb 2017 02:36:46 GMT',
22 verbose headers   via: '1.1 varnish',
22 verbose headers   'cache-control': 'max-age=300',
22 verbose headers   etag: 'W/"58916952-25ba7"',
22 verbose headers   age: '156',
22 verbose headers   connection: 'keep-alive',
22 verbose headers   'x-served-by': 'cache-sjc3638-SJC',
22 verbose headers   'x-cache': 'HIT',
22 verbose headers   'x-cache-hits': '1',
22 verbose headers   'x-timer': 'S1486003006.009523,VS0,VE0',
22 verbose headers   vary: 'Accept-Encoding' }
23 silly get cb [ 304,
23 silly get   { date: 'Thu, 02 Feb 2017 02:36:46 GMT',
23 silly get     via: '1.1 varnish',
23 silly get     'cache-control': 'max-age=300',
23 silly get     etag: 'W/"58916952-25ba7"',
23 silly get     age: '156',
23 silly get     connection: 'keep-alive',
23 silly get     'x-served-by': 'cache-sjc3638-SJC',
23 silly get     'x-cache': 'HIT',
23 silly get     'x-cache-hits': '1',
23 silly get     'x-timer': 'S1486003006.009523,VS0,VE0',
23 silly get     vary: 'Accept-Encoding' } ]
24 verbose etag https://registry.npmjs.org/node-inspector from cache
25 verbose get saving node-inspector to /Users/alejandroayala-hurtado/.npm/registry.npmjs.org/node-inspector/.cache.json
26 verbose correctMkdir /Users/alejandroayala-hurtado/.npm correctMkdir not in flight; initializing
27 silly fetchNamedPackageData No valid target from cache, forcing network
28 verbose request uri https://registry.npmjs.org/node-inspector
29 verbose request no auth needed
30 info attempt registry request try #1 at 6:36:45 PM
31 http request GET https://registry.npmjs.org/node-inspector
32 http 200 https://registry.npmjs.org/node-inspector
33 verbose headers { server: 'nginx/1.10.1',
33 verbose headers   'content-type': 'application/json',
33 verbose headers   'last-modified': 'Wed, 01 Feb 2017 04:51:30 GMT',
33 verbose headers   etag: 'W/"58916952-25ba7"',
33 verbose headers   'content-encoding': 'gzip',
33 verbose headers   'cache-control': 'max-age=300',
33 verbose headers   'content-length': '14197',
33 verbose headers   'accept-ranges': 'bytes',
33 verbose headers   date: 'Thu, 02 Feb 2017 02:36:46 GMT',
33 verbose headers   via: '1.1 varnish',
33 verbose headers   age: '156',
33 verbose headers   connection: 'keep-alive',
33 verbose headers   'x-served-by': 'cache-sjc3638-SJC',
33 verbose headers   'x-cache': 'HIT',
33 verbose headers   'x-cache-hits': '2',
33 verbose headers   'x-timer': 'S1486003006.089239,VS0,VE0',
33 verbose headers   vary: 'Accept-Encoding' }
34 silly get cb [ 200,
34 silly get   { server: 'nginx/1.10.1',
34 silly get     'content-type': 'application/json',
34 silly get     'last-modified': 'Wed, 01 Feb 2017 04:51:30 GMT',
34 silly get     etag: 'W/"58916952-25ba7"',
34 silly get     'content-encoding': 'gzip',
34 silly get     'cache-control': 'max-age=300',
34 silly get     'content-length': '14197',
34 silly get     'accept-ranges': 'bytes',
34 silly get     date: 'Thu, 02 Feb 2017 02:36:46 GMT',
34 silly get     via: '1.1 varnish',
34 silly get     age: '156',
34 silly get     connection: 'keep-alive',
34 silly get     'x-served-by': 'cache-sjc3638-SJC',
34 silly get     'x-cache': 'HIT',
34 silly get     'x-cache-hits': '2',
34 silly get     'x-timer': 'S1486003006.089239,VS0,VE0',
34 silly get     vary: 'Accept-Encoding' } ]
35 verbose get saving node-inspector to /Users/alejandroayala-hurtado/.npm/registry.npmjs.org/node-inspector/.cache.json
36 verbose correctMkdir /Users/alejandroayala-hurtado/.npm correctMkdir not in flight; initializing
37 silly fetchPackageMetaData Error: No compatible version found: node-inspector@6.3.1
37 silly fetchPackageMetaData Valid install targets:
37 silly fetchPackageMetaData 0.12.8, 0.12.7, 0.12.6, 0.12.5, 0.12.4, 0.12.3, 0.12.2, 0.12.1, 0.12.0, 0.11.2, 0.11.1, 0.11.0, 0.10.2, 0.10.1, 0.10.0, 0.9.2, 0.9.1, 0.9.0, 0.8.3, 0.8.1, 0.8.0, 0.7.5, 0.7.4, 0.7.3, 0.7.2, 0.7.1, 0.7.0, 0.7.0-2, 0.7.0-1, 0.6.2, 0.6.1, 0.6.0, 0.5.0, 0.4.0, 0.3.4, 0.3.3, 0.3.2, 0.3.1, 0.3.0, 0.3.0-preview1, 0.2.0-beta4, 0.2.0-beta3, 0.2.0-beta2, 0.2.0-beta1, 0.1.10, 0.1.9, 0.1.8, 0.1.7, 0.1.6, 0.1.5, 0.1.4, 0.1.3, 0.1.2, 0.1.1, 0.1.0, 0.0.4, 0.0.3, 0.0.2, 0.0.1
37 silly fetchPackageMetaData
37 silly fetchPackageMetaData     at pickVersionFromRegistryDocument (/usr/local/lib/node_modules/npm/lib/fetch-package-metadata.js:178:16)
37 silly fetchPackageMetaData     at /usr/local/lib/node_modules/npm/node_modules/iferr/index.js:13:50
37 silly fetchPackageMetaData     at /usr/local/lib/node_modules/npm/lib/utils/pulse-till-done.js:20:8
37 silly fetchPackageMetaData     at saved (/usr/local/lib/node_modules/npm/lib/cache/caching-client.js:174:7)
37 silly fetchPackageMetaData     at /usr/local/lib/node_modules/npm/node_modules/graceful-fs/polyfills.js:233:18
37 silly fetchPackageMetaData     at FSReqWrap.oncomplete (fs.js:123:15)
37 silly fetchPackageMetaData  error for node-inspector@6.3.1 { Error: No compatible version found: node-inspector@6.3.1
37 silly fetchPackageMetaData Valid install targets:
37 silly fetchPackageMetaData 0.12.8, 0.12.7, 0.12.6, 0.12.5, 0.12.4, 0.12.3, 0.12.2, 0.12.1, 0.12.0, 0.11.2, 0.11.1, 0.11.0, 0.10.2, 0.10.1, 0.10.0, 0.9.2, 0.9.1, 0.9.0, 0.8.3, 0.8.1, 0.8.0, 0.7.5, 0.7.4, 0.7.3, 0.7.2, 0.7.1, 0.7.0, 0.7.0-2, 0.7.0-1, 0.6.2, 0.6.1, 0.6.0, 0.5.0, 0.4.0, 0.3.4, 0.3.3, 0.3.2, 0.3.1, 0.3.0, 0.3.0-preview1, 0.2.0-beta4, 0.2.0-beta3, 0.2.0-beta2, 0.2.0-beta1, 0.1.10, 0.1.9, 0.1.8, 0.1.7, 0.1.6, 0.1.5, 0.1.4, 0.1.3, 0.1.2, 0.1.1, 0.1.0, 0.0.4, 0.0.3, 0.0.2, 0.0.1
37 silly fetchPackageMetaData
37 silly fetchPackageMetaData     at pickVersionFromRegistryDocument (/usr/local/lib/node_modules/npm/lib/fetch-package-metadata.js:178:16)
37 silly fetchPackageMetaData     at /usr/local/lib/node_modules/npm/node_modules/iferr/index.js:13:50
37 silly fetchPackageMetaData     at /usr/local/lib/node_modules/npm/lib/utils/pulse-till-done.js:20:8
37 silly fetchPackageMetaData     at saved (/usr/local/lib/node_modules/npm/lib/cache/caching-client.js:174:7)
37 silly fetchPackageMetaData     at /usr/local/lib/node_modules/npm/node_modules/graceful-fs/polyfills.js:233:18
37 silly fetchPackageMetaData     at FSReqWrap.oncomplete (fs.js:123:15) code: 'ETARGET' }
38 silly rollbackFailedOptional Starting
39 silly rollbackFailedOptional Finishing
40 silly runTopLevelLifecycles Finishing
41 silly install printInstalled
42 verbose stack Error: No compatible version found: node-inspector@6.3.1
42 verbose stack Valid install targets:
42 verbose stack 0.12.8, 0.12.7, 0.12.6, 0.12.5, 0.12.4, 0.12.3, 0.12.2, 0.12.1, 0.12.0, 0.11.2, 0.11.1, 0.11.0, 0.10.2, 0.10.1, 0.10.0, 0.9.2, 0.9.1, 0.9.0, 0.8.3, 0.8.1, 0.8.0, 0.7.5, 0.7.4, 0.7.3, 0.7.2, 0.7.1, 0.7.0, 0.7.0-2, 0.7.0-1, 0.6.2, 0.6.1, 0.6.0, 0.5.0, 0.4.0, 0.3.4, 0.3.3, 0.3.2, 0.3.1, 0.3.0, 0.3.0-preview1, 0.2.0-beta4, 0.2.0-beta3, 0.2.0-beta2, 0.2.0-beta1, 0.1.10, 0.1.9, 0.1.8, 0.1.7, 0.1.6, 0.1.5, 0.1.4, 0.1.3, 0.1.2, 0.1.1, 0.1.0, 0.0.4, 0.0.3, 0.0.2, 0.0.1
42 verbose stack
42 verbose stack     at pickVersionFromRegistryDocument (/usr/local/lib/node_modules/npm/lib/fetch-package-metadata.js:178:16)
42 verbose stack     at /usr/local/lib/node_modules/npm/node_modules/iferr/index.js:13:50
42 verbose stack     at /usr/local/lib/node_modules/npm/lib/utils/pulse-till-done.js:20:8
42 verbose stack     at saved (/usr/local/lib/node_modules/npm/lib/cache/caching-client.js:174:7)
42 verbose stack     at /usr/local/lib/node_modules/npm/node_modules/graceful-fs/polyfills.js:233:18
42 verbose stack     at FSReqWrap.oncomplete (fs.js:123:15)
43 verbose cwd /Users/alejandroayala-hurtado/Documents/Applications/oath2Tutorial
44 error Darwin 15.6.0
45 error argv "/usr/local/Cellar/node/6.8.1/bin/node" "/usr/local/bin/npm" "install" "-g" "node-inspector@6.3.1"
46 error node v6.8.1
47 error npm  v3.10.8
48 error code ETARGET
49 error notarget No compatible version found: node-inspector@6.3.1
49 error notarget Valid install targets:
49 error notarget 0.12.8, 0.12.7, 0.12.6, 0.12.5, 0.12.4, 0.12.3, 0.12.2, 0.12.1, 0.12.0, 0.11.2, 0.11.1, 0.11.0, 0.10.2, 0.10.1, 0.10.0, 0.9.2, 0.9.1, 0.9.0, 0.8.3, 0.8.1, 0.8.0, 0.7.5, 0.7.4, 0.7.3, 0.7.2, 0.7.1, 0.7.0, 0.7.0-2, 0.7.0-1, 0.6.2, 0.6.1, 0.6.0, 0.5.0, 0.4.0, 0.3.4, 0.3.3, 0.3.2, 0.3.1, 0.3.0, 0.3.0-preview1, 0.2.0-beta4, 0.2.0-beta3, 0.2.0-beta2, 0.2.0-beta1, 0.1.10, 0.1.9, 0.1.8, 0.1.7, 0.1.6, 0.1.5, 0.1.4, 0.1.3, 0.1.2, 0.1.1, 0.1.0, 0.0.4, 0.0.3, 0.0.2, 0.0.1
50 error notarget This is most likely not a problem with npm itself.
50 error notarget In most cases you or one of your dependencies are requesting
50 error notarget a package version that doesn't exist.
51 verbose exit [ 1, true ]
